<?xml version="1.0" encoding="UTF-8"?>
<testsuite xmlns:xsi="http://www.w3.org/2001/XMLSchema-instance" xsi:noNamespaceSchemaLocation="https://maven.apache.org/surefire/maven-surefire-plugin/xsd/surefire-test-report-3.0.xsd" version="3.0" name="UndirectedTests" time="0.025" tests="1" errors="0" skipped="0" failures="0">
  <properties>
[...]
</properties>
  <testcase name="printGraph" classname="UndirectedTests" time="0.018">
    <system-out><![CDATA[You have the following graph:
Vertex 0: 6 2 1 5 
Vertex 1: 0 
Vertex 2: 0 
Vertex 3: 5 4 
Vertex 4: 5 6 3 
Vertex 5: 3 4 0 
Vertex 6: 0 4 
Vertex 7: 8 
Vertex 8: 7 
Vertex 9: 11 10 12 
Vertex 10: 9 
Vertex 11: 9 12 
Vertex 12: 11 9 
]]></system-out>
  </testcase>
</testsuite>